  imgui_impl_glfw.cpp
  imgui_impl_opengl3.cpp
  imgui.cpp
  imgui_demo.cpp
  imgui_draw.cpp
  imgui_widgets.cpp
  main.cpp
d:\documents\mycode\libs\redips\common\utils.h(20): warning C4267: “初始化”: 从“size_t”转换到“int”，可能丢失数据
d:\documents\mycode\libs\redips\common\utils.h(26): warning C4267: “初始化”: 从“size_t”转换到“int”，可能丢失数据
d:\documents\mycode\libs\redips\common\utils.h(37): warning C4267: “return”: 从“size_t”转换到“int”，可能丢失数据
d:\documents\mycode\libs\redips\common\utils.h(44): warning C4267: “初始化”: 从“size_t”转换到“int”，可能丢失数据
d:\documents\mycode\libs\redips\common\utils.h(50): warning C4244: “=”: 从“double”转换到“T”，可能丢失数据
          with
          [
              T=float
          ]
d:\documents\mycode\libs\redips\common\utils.h(73): warning C4267: “初始化”: 从“size_t”转换到“int”，可能丢失数据
d:\documents\mycode\libs\redips\common\utils.h(110): warning C4244: “=”: 从“double”转换到“T”，可能丢失数据
          with
          [
              T=float
          ]
d:\documents\mycode\libs\redips\common\utils.h(116): warning C4244: “=”: 从“double”转换到“T”，可能丢失数据
          with
          [
              T=float
          ]
d:\documents\mycode\libs\redips\common\utils.h(120): warning C4244: “=”: 从“double”转换到“T”，可能丢失数据
          with
          [
              T=float
          ]
d:\documents\mycode\libs\redips\common\utils.h(121): warning C4244: “=”: 从“double”转换到“T”，可能丢失数据
          with
          [
              T=float
          ]
d:\documents\mycode\libs\redips\geometry\geometry.h(87): warning C4244: “return”: 从“double”转换到“float”，可能丢失数据
d:\documents\mycode\libs\redips\geometry\geometry.h(94): warning C4244: “参数”: 从“double”转换到“T”，可能丢失数据
          with
          [
              T=float
          ]
d:\documents\mycode\libs\redips\cameras\phc.h(18): warning C4244: “参数”: 从“double”转换到“T”，可能丢失数据
          with
          [
              T=int
          ]
d:\documents\mycode\libs\redips\cameras\phc.h(217): warning C4244: “=”: 从“double”转换到“T”，可能丢失数据
          with
          [
              T=float
          ]
d:\documents\mycode\libs\redips\cameras\phc.h(218): warning C4244: “=”: 从“double”转换到“T”，可能丢失数据
          with
          [
              T=float
          ]
d:\documents\mycode\libs\redips\cameras\phc.h(220): warning C4244: “=”: 从“int”转换到“T”，可能丢失数据
          with
          [
              T=float
          ]
d:\documents\mycode\libs\redips\cameras\phc.h(221): warning C4244: “=”: 从“int”转换到“T”，可能丢失数据
          with
          [
              T=float
          ]
d:\documents\mycode\libs\redips\cameras\phc.h(227): warning C4244: “=”: 从“int”转换到“T”，可能丢失数据
          with
          [
              T=float
          ]
d:\documents\mycode\libs\redips\cameras\phc.h(228): warning C4244: “=”: 从“int”转换到“T”，可能丢失数据
          with
          [
              T=float
          ]
d:\documents\mycode\libs\redips\cameras\phc.h(274): warning C4244: “=”: 从“double”转换到“float”，可能丢失数据
d:\documents\mycode\libs\redips\common\glfwapp.h(58): warning C4244: “初始化”: 从“double”转换到“GLfloat”，可能丢失数据
d:\documents\mycode\libs\redips\common\glfwapp.h(71): warning C4244: “参数”: 从“double”转换到“const T”，可能丢失数据
          with
          [
              T=float
          ]
d:\documents\mycode\libs\redips\common\glfwapp.h(72): warning C4244: “参数”: 从“double”转换到“const T”，可能丢失数据
          with
          [
              T=float
          ]
d:\documents\mycode\libs\redips\common\glfwapp.h(73): warning C4244: “参数”: 从“double”转换到“const T”，可能丢失数据
          with
          [
              T=float
          ]
d:\documents\mycode\libs\redips\common\glfwapp.h(74): warning C4244: “参数”: 从“double”转换到“const T”，可能丢失数据
          with
          [
              T=float
          ]
d:\documents\mycode\libs\redips\common\glfwapp.h(75): warning C4244: “参数”: 从“double”转换到“const T”，可能丢失数据
          with
          [
              T=float
          ]
d:\documents\mycode\libs\redips\common\glfwapp.h(76): warning C4244: “参数”: 从“double”转换到“const T”，可能丢失数据
          with
          [
              T=float
          ]
d:\documents\mycode\libs\redips\common\glfwapp.h(198): warning C4244: “初始化”: 从“double”转换到“GLfloat”，可能丢失数据
d:\documents\mycode\libs\redips\common\glfwapp.h(199): warning C4244: “初始化”: 从“double”转换到“GLfloat”，可能丢失数据
d:\documents\mycode\libs\redips\common\glfwapp.h(249): warning C4244: “-=”: 从“double”转换到“float”，可能丢失数据
d:\documents\mycode\libs\redips\common\glfwapp.h(250): warning C4244: “-=”: 从“double”转换到“float”，可能丢失数据
d:\documents\mycode\libs\redips\common\glfwapp.h(268): warning C4244: “参数”: 从“double”转换到“float”，可能丢失数据
d:\documents\mycode\libs\redips\geometry\kdtree.h(47): warning C4267: “=”: 从“size_t”转换到“int”，可能丢失数据
d:\documents\mycode\libs\redips\geometry\kdtree.h(53): warning C4267: “参数”: 从“size_t”转换到“int”，可能丢失数据
d:\documents\mycode\libs\redips\common\fimage.h(30): warning C4244: “初始化”: 从“float”转换到“int”，可能丢失数据
d:\documents\mycode\libs\redips\geometry\material.h(91): warning C4267: “=”: 从“size_t”转换到“int”，可能丢失数据
d:\documents\mycode\libs\redips\geometry\material.h(94): warning C4267: “=”: 从“size_t”转换到“int”，可能丢失数据
d:\documents\mycode\libs\redips\geometry\material.h(105): warning C4267: “=”: 从“size_t”转换到“int”，可能丢失数据
d:\documents\mycode\libs\redips\geometry\material.h(192): warning C4267: “return”: 从“size_t”转换到“int”，可能丢失数据
d:\documents\mycode\libs\redips\geometry\triangles.h(53): warning C4267: “=”: 从“size_t”转换到“int”，可能丢失数据
d:\documents\mycode\libs\redips\geometry\triangles.h(56): warning C4267: “=”: 从“size_t”转换到“int”，可能丢失数据
d:\documents\mycode\libs\redips\geometry\triangles.h(106): warning C4267: “=”: 从“size_t”转换到“int”，可能丢失数据
d:\documents\mycode\libs\redips\geometry\triangles.h(107): warning C4267: “=”: 从“size_t”转换到“int”，可能丢失数据
d:\documents\mycode\libs\redips\geometry\triangles.h(115): warning C4267: “+=”: 从“size_t”转换到“int”，可能丢失数据
d:\documents\mycode\libs\redips\geometry\triangles.h(124): warning C4267: “+=”: 从“size_t”转换到“int”，可能丢失数据
d:\documents\mycode\libs\redips\geometry\triangles.h(125): warning C4267: “+=”: 从“size_t”转换到“int”，可能丢失数据
d:\documents\mycode\libs\redips\geometry\triangles.h(138): warning C4267: “+=”: 从“size_t”转换到“int”，可能丢失数据
d:\documents\mycode\libs\redips\geometry\triangles.h(139): warning C4267: “+=”: 从“size_t”转换到“int”，可能丢失数据
d:\documents\mycode\libs\redips\geometry\triangles.h(140): warning C4267: “+=”: 从“size_t”转换到“int”，可能丢失数据
d:\documents\mycode\libs\redips\geometry\triangles.h(158): warning C4267: “=”: 从“size_t”转换到“int”，可能丢失数据
d:\documents\mycode\libs\redips\geometry\triangles.h(160): warning C4267: “参数”: 从“size_t”转换到“int”，可能丢失数据
d:\documents\mycode\libs\redips\geometry\triangles.h(169): warning C4267: “=”: 从“size_t”转换到“int”，可能丢失数据
d:\documents\mycode\libs\redips\geometry\triangles.h(225): warning C4267: “=”: 从“size_t”转换到“int”，可能丢失数据
d:\documents\mycode\libs\redips\geometry\triangles.h(226): warning C4267: “=”: 从“size_t”转换到“int”，可能丢失数据
d:\documents\mycode\libs\redips\geometry\triangles.h(319): warning C4267: “初始化”: 从“size_t”转换到“int”，可能丢失数据
d:\documents\mycode\libs\redips\geometry\triangles.h(336): warning C4267: “=”: 从“size_t”转换到“int”，可能丢失数据
d:\documents\mycode\libs\redips\geometry\triangles.h(337): warning C4267: “=”: 从“size_t”转换到“int”，可能丢失数据
d:\documents\mycode\libs\redips\openglwrappers\glhelper.h(101): warning C4244: “=”: 从“float”转换到“BYTE”，可能丢失数据
d:\documents\mycode\libs\redips\openglwrappers\glmeshwrapper.h(79): warning C4267: “=”: 从“size_t”转换到“int”，可能丢失数据
d:\documents\mycode\libs\redips\openglwrappers\glmeshwrapper.h(105): warning C4267: “=”: 从“size_t”转换到“int”，可能丢失数据
d:\documents\mycode\libs\redips\openglwrappers\glmeshwrapper.h(339): warning C4244: “=”: 从“double”转换到“T”，可能丢失数据
          with
          [
              T=float
          ]
d:\documents\mycode\libs\redips\openglwrappers\glmeshwrapper.h(443): warning C4244: “=”: 从“double”转换到“T”，可能丢失数据
          with
          [
              T=float
          ]
d:\documents\mycode\skin-rendering\skinrendering\skinrendering\sss.h(98): warning C4244: “参数”: 从“T”转换到“float”，可能丢失数据
          with
          [
              T=int
          ]
d:\documents\mycode\skin-rendering\skinrendering\skinrendering\sss.h(99): warning C4244: “参数”: 从“T”转换到“float”，可能丢失数据
          with
          [
              T=int
          ]
d:\documents\mycode\skin-rendering\skinrendering\skinrendering\sss.h(119): warning C4305: “参数”: 从“double”到“float”截断
d:\documents\mycode\skin-rendering\skinrendering\skinrendering\sss.h(207): warning C4305: “参数”: 从“double”到“float”截断
d:\documents\mycode\skin-rendering\skinrendering\skinrendering\sss.h(249): warning C4244: “参数”: 从“double”转换到“float”，可能丢失数据
d:\documents\mycode\skin-rendering\skinrendering\skinrendering\sss.h(251): warning C4244: “参数”: 从“double”转换到“float”，可能丢失数据
d:\documents\mycode\skin-rendering\skinrendering\skinrendering\main.cpp(60): warning C4244: “参数”: 从“double”转换到“int”，可能丢失数据
d:\documents\mycode\skin-rendering\skinrendering\skinrendering\main.cpp(94): warning C4244: “参数”: 从“double”转换到“int”，可能丢失数据
d:\documents\mycode\skin-rendering\skinrendering\skinrendering\main.cpp(117): warning C4305: “参数”: 从“double”到“T”截断
          with
          [
              T=float
          ]
d:\documents\mycode\libs\redips\common\vec.h(75): warning C4244: “初始化”: 从“double”转换到“float”，可能丢失数据
  d:\documents\mycode\libs\redips\common\vec.h(74): note: 编译 类 模板 成员函数 "redips::Vec3<float> redips::Vec3<float>::unit(void) const" 时
  d:\documents\mycode\libs\redips\geometry\geometry.h(97): note: 参见对正在编译的函数 模板 实例化“redips::Vec3<float> redips::Vec3<float>::unit(void) const”的引用
  d:\documents\mycode\libs\redips\common\vec.h(186): note: 参见对正在编译的 类 模板 实例化 "redips::Vec3<float>" 的引用
  d:\documents\mycode\libs\redips\common\vec.h(186): note: 参见对正在编译的 类 模板 实例化 "redips::Vec3<T>" 的引用
  正在生成代码...
  SkinRendering.vcxproj -> D:\documents\MyCode\skin-rendering\SkinRendering\x64\Debug\SkinRendering.exe
